<?xml version="1.0" encoding="UTF-8"?>
<testng-results skipped="0" failed="0" ignored="0" total="1" passed="1">
  <reporter-output>
  </reporter-output>
  <suite name="Default suite" duration-ms="5556" started-at="2018-10-07T05:42:11Z" finished-at="2018-10-07T05:42:16Z">
    <groups>
    </groups>
    <test name="Default test" duration-ms="5556" started-at="2018-10-07T05:42:11Z" finished-at="2018-10-07T05:42:16Z">
      <class name="com.api.tests.GetApiTest">
        <test-method status="PASS" signature="setup()[pri:0, instance:com.api.tests.GetApiTest@2ef5e5e3]" name="setup" is-config="true" duration-ms="10" started-at="2018-10-06T22:42:11Z" finished-at="2018-10-06T22:42:11Z">
          <reporter-output>
          </reporter-output>
        </test-method> <!-- setup -->
        <test-method status="PASS" signature="apiGetCall()[pri:0, instance:com.api.tests.GetApiTest@2ef5e5e3]" name="apiGetCall" duration-ms="5501" started-at="2018-10-06T22:42:11Z" finished-at="2018-10-06T22:42:16Z">
          <reporter-output>
          </reporter-output>
        </test-method> <!-- apiGetCall -->
      </class> <!-- com.api.tests.GetApiTest -->
    </test> <!-- Default test -->
  </suite> <!-- Default suite -->
</testng-results>
